<?xml version="1.0" encoding="UTF-8"?>
<!-- Generated by org.testng.reporters.JUnitReportReporter -->
<testsuite hostname="DESKTOP-TBNQDBC" failures="0" tests="1" name="com.inetbanking.testCases.TC_LoginTest_008" time="22.641" errors="0" timestamp="04 Jan 2022 06:42:12 GMT" skipped="0">
  <testcase classname="com.inetbanking.testCases.TC_LoginTest_008" name="LoginTest_8" time="22.641"/>
</testsuite> <!-- com.inetbanking.testCases.TC_LoginTest_008 -->
