<?xml version="1.0" encoding="UTF-8"?>
<!-- Generated by org.testng.reporters.JUnitReportReporter -->
<testsuite hostname="DESKTOP-TBNQDBC" failures="0" tests="1" name="com.inetbanking.testCases.TC_LoginTest_007" time="13.982" errors="0" timestamp="04 Jan 2022 06:42:12 GMT" skipped="0">
  <testcase classname="com.inetbanking.testCases.TC_LoginTest_007" name="LoginTest_7" time="13.982"/>
</testsuite> <!-- com.inetbanking.testCases.TC_LoginTest_007 -->
