<?xml version="1.0" encoding="UTF-8"?>
<!-- Generated by org.testng.reporters.JUnitReportReporter -->
<testsuite skipped="0" hostname="DESKTOP-TBNQDBC" name="com.inetbanking.testCases.TC_LoginTest_004" tests="1" failures="0" timestamp="04 Jan 2022 09:29:14 GMT" time="22.096" errors="0">
  <testcase name="LoginTest_4" time="22.096" classname="com.inetbanking.testCases.TC_LoginTest_004"/>
</testsuite> <!-- com.inetbanking.testCases.TC_LoginTest_004 -->
