<?xml version="1.0" encoding="UTF-8"?>
<!-- Generated by org.testng.reporters.JUnitReportReporter -->
<testsuite skipped="0" hostname="DESKTOP-TBNQDBC" name="com.inetbanking.testCases.TC_LoginTest_003" tests="1" failures="0" timestamp="04 Jan 2022 09:29:14 GMT" time="17.021" errors="0">
  <testcase name="LoginTest_3" time="17.021" classname="com.inetbanking.testCases.TC_LoginTest_003"/>
</testsuite> <!-- com.inetbanking.testCases.TC_LoginTest_003 -->
