<?xml version="1.0" encoding="UTF-8"?>
<!-- Generated by org.testng.reporters.JUnitReportReporter -->
<testsuite skipped="0" hostname="DESKTOP-TBNQDBC" name="com.inetbanking.testCases.TC_LoginTest_006" tests="1" failures="0" timestamp="04 Jan 2022 09:29:14 GMT" time="14.173" errors="0">
  <testcase name="LoginTest_6" time="14.173" classname="com.inetbanking.testCases.TC_LoginTest_006"/>
</testsuite> <!-- com.inetbanking.testCases.TC_LoginTest_006 -->
